<?xml version="1.0" encoding="UTF-8"?>
<!-- Generated by org.testng.reporters.JUnitReportReporter -->
<testsuite hostname="DESKTOP-3QTVSKC" failures="0" tests="4" name="SeleniumTest.Day5" time="9.561" errors="0" timestamp="2021-06-23T12:24:28 BST" skipped="0">
  <testcase classname="SeleniumTest.Day5" name="TestLogin" time="2.433"/>
  <system-out/>
  <testcase classname="SeleniumTest.Day5" name="TestLogin" time="2.716"/>
  <system-out/>
  <testcase classname="SeleniumTest.Day5" name="TestLogin" time="2.193"/>
  <system-out/>
  <testcase classname="SeleniumTest.Day5" name="TestLogin" time="2.219"/>
  <system-out/>
</testsuite> <!-- SeleniumTest.Day5 -->
