<?xml version="1.0" encoding="UTF-8"?>
<!-- Generated by org.testng.reporters.JUnitReportReporter -->
<testsuite hostname="DESKTOP-3QTVSKC" failures="0" tests="4" name="SeleniumTest.Day4" time="20.951" errors="0" timestamp="2021-06-22T22:19:19 BST" skipped="0">
  <testcase classname="SeleniumTest.Day4" name="TestLogin" time="4.955"/>
  <system-out/>
  <testcase classname="SeleniumTest.Day4" name="TestLogin" time="5.467"/>
  <system-out/>
  <testcase classname="SeleniumTest.Day4" name="TestLogin" time="5.513"/>
  <system-out/>
  <testcase classname="SeleniumTest.Day4" name="TestLogin" time="5.016"/>
  <system-out/>
</testsuite> <!-- SeleniumTest.Day4 -->
