<?xml version="1.0" encoding="UTF-8"?>
<!-- Generated by org.testng.reporters.JUnitReportReporter -->
<testsuite hostname="DESKTOP-3QTVSKC" failures="0" tests="1" name="SeleniumTest.Testing" time="13.943" errors="0" timestamp="2021-06-22T21:58:45 BST" skipped="0">
  <testcase classname="SeleniumTest.Testing" name="TestLogin" time="13.943"/>
  <system-out/>
</testsuite> <!-- SeleniumTest.Testing -->
