<?xml version="1.0" encoding="UTF-8"?>
<!-- Generated by org.testng.reporters.JUnitReportReporter -->
<testsuite hostname="DESKTOP-3QTVSKC" failures="0" tests="1" name="SeleniumCommands.Grid_WidgetTesting" time="3.127" errors="0" timestamp="2021-08-04T18:46:29 BST" skipped="0">
  <testcase classname="SeleniumCommands.Grid_WidgetTesting" name="TestAccordion" time="3.127"/>
  <system-out/>
</testsuite> <!-- SeleniumCommands.Grid_WidgetTesting -->
