<?xml version="1.0" encoding="UTF-8"?>
<!-- Generated by org.testng.reporters.JUnitReportReporter -->
<testsuite hostname="DESKTOP-3QTVSKC" failures="0" tests="1" name="SeleniumCommands.BrowserTest" time="15.086" errors="0" timestamp="2021-07-27T22:29:53 BST" skipped="0">
  <testcase classname="SeleniumCommands.BrowserTest" name="PracticeForm" time="15.086"/>
  <system-out/>
</testsuite> <!-- SeleniumCommands.BrowserTest -->
