<?xml version="1.0" encoding="UTF-8"?>
<!-- Generated by org.testng.reporters.JUnitReportReporter -->
<testsuite hostname="DESKTOP-3QTVSKC" failures="0" tests="4" name="SeleniumCommands.BrowserTest" time="9.720" errors="0" timestamp="2021-08-04T16:40:08 BST" skipped="2">
  <testcase classname="SeleniumCommands.BrowserTest" name="TestBrowserWindow" time="7.475"/>
  <system-out/>
  <testcase classname="SeleniumCommands.BrowserTest" name="TestFrames" time="2.245"/>
  <system-out/>
  <testcase classname="SeleniumCommands.BrowserTest" name="AlertForm">
    <skipped/>
  </testcase> <!-- AlertForm -->
  <system-out/>
  <testcase classname="SeleniumCommands.BrowserTest" name="PracticeForm">
    <skipped/>
  </testcase> <!-- PracticeForm -->
  <system-out/>
</testsuite> <!-- SeleniumCommands.BrowserTest -->
