<?xml version="1.0" encoding="UTF-8"?>
<!-- Generated by org.testng.reporters.JUnitReportReporter -->
<testsuite hostname="DESKTOP-3QTVSKC" failures="0" tests="1" name="SeleniumCommands.BrowserTest" time="14.404" errors="0" timestamp="2021-07-27T19:35:07 BST" skipped="0">
  <testcase classname="SeleniumCommands.BrowserTest" name="PracticeForm" time="14.404"/>
  <system-out/>
</testsuite> <!-- SeleniumCommands.BrowserTest -->
