<?xml version="1.0" encoding="UTF-8"?>
<!-- Generated by org.testng.reporters.JUnitReportReporter -->
<testsuite hostname="DESKTOP-3QTVSKC" failures="0" tests="2" name="SeleniumCommands.BrowserTest" time="12.677" errors="0" timestamp="02 Aug 2021 17:04:49 GMT" skipped="1">
  <testcase classname="SeleniumCommands.BrowserTest" name="AlertForm" time="12.677"/>
  <testcase classname="SeleniumCommands.BrowserTest" name="PracticeForm">
    <skipped/>
  </testcase> <!-- PracticeForm -->
</testsuite> <!-- SeleniumCommands.BrowserTest -->
