<?xml version="1.0" encoding="UTF-8"?>
<!-- Generated by org.testng.reporters.JUnitReportReporter -->
<testsuite hostname="DESKTOP-3QTVSKC" failures="0" tests="1" name="SeleniumCommands.BrowserTest" time="14.516" errors="0" timestamp="27 Jul 2021 18:34:25 GMT" skipped="0">
  <testcase classname="SeleniumCommands.BrowserTest" name="PracticeForm" time="14.516"/>
</testsuite> <!-- SeleniumCommands.BrowserTest -->
