<?xml version="1.0" encoding="UTF-8"?>
<!-- Generated by org.testng.reporters.JUnitReportReporter -->
<testsuite hostname="DESKTOP-3QTVSKC" failures="0" tests="1" name="SeleniumCommands.BrowserTest" time="15.215" errors="0" timestamp="27 Jul 2021 21:51:14 GMT" skipped="0">
  <testcase classname="SeleniumCommands.BrowserTest" name="PracticeForm" time="15.215"/>
</testsuite> <!-- SeleniumCommands.BrowserTest -->
